Starting NMTRAN
  
 WARNINGS AND ERRORS (IF ANY) FOR PROBLEM    1
             
 (WARNING  2) NM-TRAN INFERS THAT THE DATA ARE POPULATION.
Recompiling certain components
Building NONMEM Executable
Starting nonmem execution ...
License Registered to: Metrum Research Group
Expiration Date:    14 JUL 2022
Current Date:       24 AUG 2021
Days until program expires : 325


 First Order Conditional Estimation with Interaction
 MONITORING OF SEARCH:


0ITERATION NO.:    0    OBJECTIVE VALUE:  -1043.33568287088        NO. OF FUNC. EVALS.:   5
 CUMULATIVE NO. OF FUNC. EVALS.:        5
 NPARAMETR:  5.0000E+00  2.0000E+01  1.0000E-01  1.0000E-01  1.0000E-02
 PARAMETER:  1.0000E-01  1.0000E-01  1.0000E-01  1.0000E-01  1.0000E-01
 GRADIENT:  -6.7952E+02 -8.4888E+02 -4.8851E+02 -6.6299E+02 -1.2786E+03

0ITERATION NO.:    5    OBJECTIVE VALUE:  -1945.88557161074        NO. OF FUNC. EVALS.:  34
 CUMULATIVE NO. OF FUNC. EVALS.:       39
 NPARAMETR:  1.7120E+01  5.0007E+01  5.9109E-01  7.6206E-03  3.2396E-02
 PARAMETER:  1.3308E+00  1.0164E+00  9.8839E-01 -1.1872E+00  6.8773E-01
 GRADIENT:   2.1574E+02  2.6470E+01  4.7241E+01  2.3527E+01  1.5868E+02

0ITERATION NO.:   10    OBJECTIVE VALUE:  -1990.90964306302        NO. OF FUNC. EVALS.:  33
 CUMULATIVE NO. OF FUNC. EVALS.:       72
 NPARAMETR:  9.5896E+00  4.8615E+01  8.7706E-02  3.1527E-02  2.5794E-02
 PARAMETER:  7.5124E-01  9.8820E-01  3.4409E-02 -4.7716E-01  5.7377E-01
 GRADIENT:  -9.5524E+00  1.9952E+01 -2.9814E+00  6.7130E+01  3.4212E-01

0ITERATION NO.:   15    OBJECTIVE VALUE:  -2028.92906537008        NO. OF FUNC. EVALS.:  31
 CUMULATIVE NO. OF FUNC. EVALS.:      103
 NPARAMETR:  9.4969E+00  4.9066E+01  9.4538E-02  2.6819E-03  2.6548E-02
 PARAMETER:  7.4153E-01  9.9744E-01  7.1918E-02 -1.7093E+00  5.8819E-01
 GRADIENT:  -1.2583E+01 -2.3129E+01  4.7146E+00  1.9457E+00  1.2869E+01

0ITERATION NO.:   20    OBJECTIVE VALUE:  -2035.42556327504        NO. OF FUNC. EVALS.:  49
 CUMULATIVE NO. OF FUNC. EVALS.:      152
 NPARAMETR:  1.0552E+01  4.9591E+01  8.2112E-02  2.2682E-03  2.6679E-02
 PARAMETER:  8.4683E-01  1.0081E+00  1.4560E-03 -1.7931E+00  5.9064E-01
 GRADIENT:   2.7067E+00 -3.2506E+00  1.8994E+00 -2.1301E-01  4.7780E+00

0ITERATION NO.:   25    OBJECTIVE VALUE:  -2035.44726376610        NO. OF FUNC. EVALS.:  46
 CUMULATIVE NO. OF FUNC. EVALS.:      198
 NPARAMETR:  1.0527E+01  4.9594E+01  8.0516E-02  2.3594E-03  2.6497E-02
 PARAMETER:  8.4454E-01  1.0081E+00 -8.3545E-03 -1.7734E+00  5.8723E-01
 GRADIENT:  -1.4117E-02  2.8356E-02 -1.4960E-04  1.1221E-03  2.7121E-03
 Elapsed estimation  time in seconds:     0.63
 Elapsed covariance  time in seconds:     0.23
 Elapsed postprocess time in seconds:     0.12
 Elapsed finaloutput time in seconds:     0.02
Done with nonmem execution
